<?xml version="1.0" encoding="utf-8"?><testsuites name="pytest tests"><testsuite name="pytest" errors="0" failures="4" skipped="1" tests="50" time="69.350" timestamp="2026-09-08T10:15:08.655551+00:00" hostname="agent-env-6dd3a99c-cad2-4820-bc6d-532d100d33de"><testcase classname="tests.test_admin_access_links.TestAdminAuth" name="test_login_invalid_credentials" time="0.626" /><testcase classname="tests.test_admin_access_links.TestAdminAuth" name="test_login_success" time="0.000" /><testcase classname="tests.test_admin_access_links.TestAdminAuth" name="test_admin_me_no_token" time="0.075" /><testcase classname="tests.test_admin_access_links.TestAdminAuth" name="test_admin_me_invalid_token" time="0.079" /><testcase classname="tests.test_admin_access_links.TestAdminAuth" name="test_admin_me_valid" time="0.075" /><testcase classname="tests.test_admin_access_links.TestExistingEndpoints" name="test_budget_requests_requires_auth" time="0.073" /><testcase classname="tests.test_admin_access_links.TestExistingEndpoints" name="test_budget_requests_with_auth" time="0.076" /><testcase classname="tests.test_admin_access_links.TestExistingEndpoints" name="test_reviews_requires_auth" time="0.075" /><testcase classname="tests.test_admin_access_links.TestExistingEndpoints" name="test_reviews_with_auth" time="0.078" /><testcase classname="tests.test_admin_access_links.TestAccessLinksAuth" name="test_list_requires_auth" time="0.074" /><testcase classname="tests.test_admin_access_links.TestAccessLinksAuth" name="test_create_requires_auth" time="0.073" /><testcase classname="tests.test_admin_access_links.TestAccessLinksAuth" name="test_resend_requires_auth" time="0.077" /><testcase classname="tests.test_admin_access_links.TestAccessLinksAuth" name="test_revoke_requires_auth" time="0.077" /><testcase classname="tests.test_admin_access_links.TestAccessLinksAuth" name="test_delete_requires_auth" time="0.073" /><testcase classname="tests.test_admin_access_links.TestAccessLinksFlow" name="test_create_skipped_email" time="0.076" /><testcase classname="tests.test_admin_access_links.TestAccessLinksFlow" name="test_create_invalid_agent" time="0.076" /><testcase classname="tests.test_admin_access_links.TestAccessLinksFlow" name="test_create_with_send_email" time="20.152" /><testcase classname="tests.test_admin_access_links.TestAccessLinksFlow" name="test_create_unknown_level_normalizes" time="0.078"><failure message="AssertionError: assert 'weirdlevel' in ('full', 'demo')">tests/test_admin_access_links.py:195: in test_create_unknown_level_normalizes
    assert link["level"] in ("full", "demo")
E   AssertionError: assert 'weirdlevel' in ('full', 'demo')</failure></testcase><testcase classname="tests.test_admin_access_links.TestAccessLinksFlow" name="test_list_returns_items" time="0.086" /><testcase classname="tests.test_admin_access_links.TestAccessLinksFlow" name="test_validate_token_works" time="0.081"><failure message="AssertionError: assert 'test_skip@example.com' == 'TEST_skip@example.com'&#10;  &#10;  - TEST_skip@example.com&#10;  ? ^^^^&#10;  + test_skip@example.com&#10;  ? ^^^^">tests/test_admin_access_links.py:220: in test_validate_token_works
    assert data["customer_email"] == "TEST_skip@example.com"
E   AssertionError: assert 'test_skip@example.com' == 'TEST_skip@example.com'
E     
E     - TEST_skip@example.com
E     ? ^^^^
E     + test_skip@example.com
E     ? ^^^^</failure></testcase><testcase classname="tests.test_admin_access_links.TestAccessLinksFlow" name="test_revoke_link" time="0.161" /><testcase classname="tests.test_admin_access_links.TestAccessLinksFlow" name="test_validate_after_revoke" time="0.075" /><testcase classname="tests.test_admin_access_links.TestAccessLinksFlow" name="test_resend_revoked_returns_400" time="0.082" /><testcase classname="tests.test_admin_access_links.TestAccessLinksFlow" name="test_resend_unknown_404" time="0.075" /><testcase classname="tests.test_admin_access_links.TestAccessLinksFlow" name="test_revoke_unknown_404" time="0.078" /><testcase classname="tests.test_admin_access_links.TestAccessLinksFlow" name="test_delete_unknown_404" time="0.076" /><testcase classname="tests.test_security_fixes.TestSEC001DownloadRemoved" name="test_download_endpoint_returns_404" time="0.143" /><testcase classname="tests.test_security_fixes.TestSEC001DownloadRemoved" name="test_download_endpoint_no_variants" time="0.280" /><testcase classname="tests.test_security_fixes.TestSEC002PreviewEmail" name="test_query_param_key_rejected" time="0.147" /><testcase classname="tests.test_security_fixes.TestSEC002PreviewEmail" name="test_old_default_key_rejected" time="0.127" /><testcase classname="tests.test_security_fixes.TestSEC002PreviewEmail" name="test_no_key_rejected" time="0.131" /><testcase classname="tests.test_security_fixes.TestSEC002PreviewEmail" name="test_correct_header_key_works" time="0.133" /><testcase classname="tests.test_security_fixes.TestSEC002PreviewEmail" name="test_service_key_rotated_random" time="0.000" /><testcase classname="tests.test_security_fixes.TestSEC003LoginLockout" name="test_lockout_when_rotating_xff" time="0.853" /><testcase classname="tests.test_security_fixes.TestSEC003LoginLockout" name="test_per_account_throttle_15_attempts" time="0.931" /><testcase classname="tests.test_security_fixes.TestCaptchaSingleUse" name="test_budget_reuse_rejected" time="0.000"><skipped type="pytest.skip" message="SMTP unreachable in preview; consume_captcha_token verified via /api/reviews">/app/tests/test_security_fixes.py:200: SMTP unreachable in preview; consume_captcha_token verified via /api/reviews</skipped></testcase><testcase classname="tests.test_security_fixes.TestCaptchaSingleUse" name="test_review_reuse_rejected" time="0.372" /><testcase classname="tests.test_security_fixes.TestCORSRestriction" name="test_allowed_origin_echoed" time="0.002" /><testcase classname="tests.test_security_fixes.TestCORSRestriction" name="test_evil_origin_not_echoed" time="0.001" /><testcase classname="tests.test_security_fixes.TestCORSRestriction" name="test_no_wildcard_on_get" time="0.003" /><testcase classname="tests.test_security_fixes.TestStripeDedup" name="test_stripe_events_unique_index" time="0.494" /><testcase classname="tests.test_security_fixes.TestStripeDedup" name="test_duplicate_event_insert_rejected" time="0.002" /><testcase classname="tests.test_security_fixes.TestRegression" name="test_admin_login_ok" time="0.351" /><testcase classname="tests.test_security_fixes.TestRegression" name="test_sectors_returns_3" time="0.123" /><testcase classname="tests.test_security_fixes.TestRegression" name="test_sitemap_valid_xml" time="0.151" /><testcase classname="tests.test_security_fixes.TestRegression" name="test_reviews_get" time="0.127" /><testcase classname="tests.test_security_fixes.TestRegression" name="test_access_validate_bad_token" time="0.144" /><testcase classname="tests.test_smtp_async_timing.TestBudgetSMTPTiming" name="test_budget_returns_within_15s_when_smtp_unreachable" time="20.412"><failure message="AssertionError: Budget endpoint took 20.3s (&gt;=15s). SMTP timeout/async-wrap regression. Status: 502&#10;assert 20.286884387023747 &lt; 15.0">tests/test_smtp_async_timing.py:55: in test_budget_returns_within_15s_when_smtp_unreachable
    assert elapsed &lt; 15.0, (
E   AssertionError: Budget endpoint took 20.3s (&gt;=15s). SMTP timeout/async-wrap regression. Status: 502
E   assert 20.286884387023747 &lt; 15.0</failure></testcase><testcase classname="tests.test_smtp_async_timing.TestNoCoroutineBugs" name="test_stripe_webhook_reachable" time="0.168" /><testcase classname="tests.test_smtp_async_timing.TestAdminAccessLinksSendEmail" name="test_access_link_creation_with_send_email" time="21.485"><failure message="AssertionError: access-link creation took 20.2s&#10;assert 20.23724663601024 &lt; 15.0">tests/test_smtp_async_timing.py:109: in test_access_link_creation_with_send_email
    assert elapsed &lt; 15.0, f"access-link creation took {elapsed:.1f}s"
E   AssertionError: access-link creation took 20.2s
E   assert 20.23724663601024 &lt; 15.0</failure></testcase></testsuite></testsuites>