<?xml version="1.0" encoding="utf-8"?><testsuites name="pytest tests"><testsuite name="pytest" errors="0" failures="3" skipped="1" tests="59" time="62.838" timestamp="2026-09-08T10:22:58.496871+00:00" hostname="agent-env-6dd3a99c-cad2-4820-bc6d-532d100d33de"><testcase classname="tests.test_admin_access_links.TestAdminAuth" name="test_login_invalid_credentials" time="0.670" /><testcase classname="tests.test_admin_access_links.TestAdminAuth" name="test_login_success" time="0.000" /><testcase classname="tests.test_admin_access_links.TestAdminAuth" name="test_admin_me_no_token" time="0.071" /><testcase classname="tests.test_admin_access_links.TestAdminAuth" name="test_admin_me_invalid_token" time="0.071" /><testcase classname="tests.test_admin_access_links.TestAdminAuth" name="test_admin_me_valid" time="0.071" /><testcase classname="tests.test_admin_access_links.TestExistingEndpoints" name="test_budget_requests_requires_auth" time="0.112" /><testcase classname="tests.test_admin_access_links.TestExistingEndpoints" name="test_budget_requests_with_auth" time="0.075" /><testcase classname="tests.test_admin_access_links.TestExistingEndpoints" name="test_reviews_requires_auth" time="0.110" /><testcase classname="tests.test_admin_access_links.TestExistingEndpoints" name="test_reviews_with_auth" time="0.073" /><testcase classname="tests.test_admin_access_links.TestAccessLinksAuth" name="test_list_requires_auth" time="0.112" /><testcase classname="tests.test_admin_access_links.TestAccessLinksAuth" name="test_create_requires_auth" time="0.071" /><testcase classname="tests.test_admin_access_links.TestAccessLinksAuth" name="test_resend_requires_auth" time="0.072" /><testcase classname="tests.test_admin_access_links.TestAccessLinksAuth" name="test_revoke_requires_auth" time="0.110" /><testcase classname="tests.test_admin_access_links.TestAccessLinksAuth" name="test_delete_requires_auth" time="0.069" /><testcase classname="tests.test_admin_access_links.TestAccessLinksFlow" name="test_create_skipped_email" time="0.072" /><testcase classname="tests.test_admin_access_links.TestAccessLinksFlow" name="test_create_invalid_agent" time="0.071" /><testcase classname="tests.test_admin_access_links.TestAccessLinksFlow" name="test_create_with_send_email" time="10.131" /><testcase classname="tests.test_admin_access_links.TestAccessLinksFlow" name="test_create_unknown_level_normalizes" time="0.071"><failure message="AssertionError: {&quot;detail&quot;:[{&quot;type&quot;:&quot;value_error&quot;,&quot;loc&quot;:[&quot;body&quot;,&quot;level&quot;],&quot;msg&quot;:&quot;Value error, level debe ser 'demo' o 'full'&quot;,&quot;input&quot;:&quot;weirdlevel&quot;,&quot;ctx&quot;:{&quot;error&quot;:{}},&quot;url&quot;:&quot;https://errors.pydantic.dev/2.12/v/value_error&quot;}]}&#10;assert 422 in (200, 400)&#10; +  where 422 = &lt;Response [422]&gt;.status_code">tests/test_admin_access_links.py:192: in test_create_unknown_level_normalizes
    assert r.status_code in (200, 400), r.text
E   AssertionError: {"detail":[{"type":"value_error","loc":["body","level"],"msg":"Value error, level debe ser 'demo' o 'full'","input":"weirdlevel","ctx":{"error":{}},"url":"https://errors.pydantic.dev/2.12/v/value_error"}]}
E   assert 422 in (200, 400)
E    +  where 422 = &lt;Response [422]&gt;.status_code</failure></testcase><testcase classname="tests.test_admin_access_links.TestAccessLinksFlow" name="test_list_returns_items" time="0.071" /><testcase classname="tests.test_admin_access_links.TestAccessLinksFlow" name="test_validate_token_works" time="0.077"><failure message="AssertionError: assert 'test_skip@example.com' == 'TEST_skip@example.com'&#10;  &#10;  - TEST_skip@example.com&#10;  ? ^^^^&#10;  + test_skip@example.com&#10;  ? ^^^^">tests/test_admin_access_links.py:220: in test_validate_token_works
    assert data["customer_email"] == "TEST_skip@example.com"
E   AssertionError: assert 'test_skip@example.com' == 'TEST_skip@example.com'
E     
E     - TEST_skip@example.com
E     ? ^^^^
E     + test_skip@example.com
E     ? ^^^^</failure></testcase><testcase classname="tests.test_admin_access_links.TestAccessLinksFlow" name="test_revoke_link" time="0.142" /><testcase classname="tests.test_admin_access_links.TestAccessLinksFlow" name="test_validate_after_revoke" time="0.070" /><testcase classname="tests.test_admin_access_links.TestAccessLinksFlow" name="test_resend_revoked_returns_400" time="0.074" /><testcase classname="tests.test_admin_access_links.TestAccessLinksFlow" name="test_resend_unknown_404" time="0.071" /><testcase classname="tests.test_admin_access_links.TestAccessLinksFlow" name="test_revoke_unknown_404" time="0.073" /><testcase classname="tests.test_admin_access_links.TestAccessLinksFlow" name="test_delete_unknown_404" time="0.072" /><testcase classname="tests.test_iteration7_smtp_and_validation" name="test_budget_bounded_under_15s_when_smtp_unreachable" time="10.422" /><testcase classname="tests.test_iteration7_smtp_and_validation" name="test_access_links_send_email_bounded_under_15s" time="10.696" /><testcase classname="tests.test_iteration7_smtp_and_validation" name="test_level_invalid_returns_422" time="0.157" /><testcase classname="tests.test_iteration7_smtp_and_validation" name="test_level_demo_ok" time="0.128" /><testcase classname="tests.test_iteration7_smtp_and_validation" name="test_level_full_ok" time="0.144" /><testcase classname="tests.test_iteration7_smtp_and_validation" name="test_level_uppercase_normalizes_to_demo" time="0.124" /><testcase classname="tests.test_iteration7_smtp_and_validation" name="test_sectors_returns_three_items" time="0.138" /><testcase classname="tests.test_iteration7_smtp_and_validation" name="test_admin_login_ok" time="0.374" /><testcase classname="tests.test_iteration7_smtp_and_validation" name="test_reviews_creates_with_fresh_captcha" time="0.262" /><testcase classname="tests.test_security_fixes.TestSEC001DownloadRemoved" name="test_download_endpoint_returns_404" time="0.125" /><testcase classname="tests.test_security_fixes.TestSEC001DownloadRemoved" name="test_download_endpoint_no_variants" time="0.262" /><testcase classname="tests.test_security_fixes.TestSEC002PreviewEmail" name="test_query_param_key_rejected" time="0.129" /><testcase classname="tests.test_security_fixes.TestSEC002PreviewEmail" name="test_old_default_key_rejected" time="0.123" /><testcase classname="tests.test_security_fixes.TestSEC002PreviewEmail" name="test_no_key_rejected" time="0.139" /><testcase classname="tests.test_security_fixes.TestSEC002PreviewEmail" name="test_correct_header_key_works" time="0.133" /><testcase classname="tests.test_security_fixes.TestSEC002PreviewEmail" name="test_service_key_rotated_random" time="0.000" /><testcase classname="tests.test_security_fixes.TestSEC003LoginLockout" name="test_lockout_when_rotating_xff" time="0.806" /><testcase classname="tests.test_security_fixes.TestSEC003LoginLockout" name="test_per_account_throttle_15_attempts" time="0.899" /><testcase classname="tests.test_security_fixes.TestCaptchaSingleUse" name="test_budget_reuse_rejected" time="0.000"><skipped type="pytest.skip" message="SMTP unreachable in preview; consume_captcha_token verified via /api/reviews">/app/tests/test_security_fixes.py:200: SMTP unreachable in preview; consume_captcha_token verified via /api/reviews</skipped></testcase><testcase classname="tests.test_security_fixes.TestCaptchaSingleUse" name="test_review_reuse_rejected" time="0.391" /><testcase classname="tests.test_security_fixes.TestCORSRestriction" name="test_allowed_origin_echoed" time="0.002" /><testcase classname="tests.test_security_fixes.TestCORSRestriction" name="test_evil_origin_not_echoed" time="0.001" /><testcase classname="tests.test_security_fixes.TestCORSRestriction" name="test_no_wildcard_on_get" time="0.002" /><testcase classname="tests.test_security_fixes.TestStripeDedup" name="test_stripe_events_unique_index" time="0.191" /><testcase classname="tests.test_security_fixes.TestStripeDedup" name="test_duplicate_event_insert_rejected" time="0.002" /><testcase classname="tests.test_security_fixes.TestRegression" name="test_admin_login_ok" time="0.351" /><testcase classname="tests.test_security_fixes.TestRegression" name="test_sectors_returns_3" time="0.125" /><testcase classname="tests.test_security_fixes.TestRegression" name="test_sitemap_valid_xml" time="0.146" /><testcase classname="tests.test_security_fixes.TestRegression" name="test_reviews_get" time="0.129" /><testcase classname="tests.test_security_fixes.TestRegression" name="test_access_validate_bad_token" time="0.121" /><testcase classname="tests.test_smtp_async_timing.TestBudgetSMTPTiming" name="test_budget_returns_within_15s_when_smtp_unreachable" time="10.303" /><testcase classname="tests.test_smtp_async_timing.TestNoCoroutineBugs" name="test_stripe_webhook_reachable" time="0.166" /><testcase classname="tests.test_smtp_async_timing.TestAdminAccessLinksSendEmail" name="test_access_link_creation_with_send_email" time="12.989"><failure message="AssertionError: unexpected body: {'success': True, 'link': {'id': '0e1d08d5-a9d8-4ca1-a07e-e712dcbf5eef', 'jti': 'efb8ae8fd6854d9fa770c42f6328c0d1', 'agent_id': 'iris', 'agent_name': 'IRIS', 'level': 'demo', 'customer_email': 'test_asynclink@example.com', 'customer_name': 'TEST AsyncLink', 'url': 'https://psicolfis.net/mi-agente/eyJhbGciOiJIUzI1NiIsInR5cCI6IkpXVCJ9.eyJzdWIiOiJ0ZXN0X2FzeW5jbGlua0BleGFtcGxlLmNvbSIsIm5hbWUiOiJURVNUIEFzeW5jTGluayIsImFnZW50IjoiaXJpcyIsImxldmVsIjoiZGVtbyIsImlhdCI6MTc4ODg2MzAyOCwiZXhwIjoxNzg5NDY3ODI4LCJqdGkiOiJlZmI4YWU4ZmQ2ODU0ZDlmYTc3MGM0MmY2MzI4YzBkMSJ9.7ehFZKqoblzD64a8XqtBIeOjApzWVOI1mUQavvoC0TY', 'days_valid': 7, 'created_at': '2026-09-08T10:23:58.858331+00:00', 'created_by': 'obdulio@psicolfis.net', 'email_status': 'failed', 'last_sent_at': None, 'revoked': False, 'revoked_at': None}}&#10;assert ('email_sent' in {'link': {'agent_id': 'iris', 'agent_name': 'IRIS', 'created_at': '2026-09-08T10:23:58.858331+00:00', 'created_by': 'obdulio@psicolfis.net', ...}, 'success': True} or 'id' in {'link': {'agent_id': 'iris', 'agent_name': 'IRIS', 'created_at': '2026-09-08T10:23:58.858331+00:00', 'created_by': 'obdulio@psicolfis.net', ...}, 'success': True})">tests/test_smtp_async_timing.py:112: in test_access_link_creation_with_send_email
    assert "email_sent" in body or "id" in body, f"unexpected body: {body}"
E   AssertionError: unexpected body: {'success': True, 'link': {'id': '0e1d08d5-a9d8-4ca1-a07e-e712dcbf5eef', 'jti': 'efb8ae8fd6854d9fa770c42f6328c0d1', 'agent_id': 'iris', 'agent_name': 'IRIS', 'level': 'demo', 'customer_email': 'test_asynclink@example.com', 'customer_name': 'TEST AsyncLink', 'url': 'https://psicolfis.net/mi-agente/eyJhbGciOiJIUzI1NiIsInR5cCI6IkpXVCJ9.eyJzdWIiOiJ0ZXN0X2FzeW5jbGlua0BleGFtcGxlLmNvbSIsIm5hbWUiOiJURVNUIEFzeW5jTGluayIsImFnZW50IjoiaXJpcyIsImxldmVsIjoiZGVtbyIsImlhdCI6MTc4ODg2MzAyOCwiZXhwIjoxNzg5NDY3ODI4LCJqdGkiOiJlZmI4YWU4ZmQ2ODU0ZDlmYTc3MGM0MmY2MzI4YzBkMSJ9.7ehFZKqoblzD64a8XqtBIeOjApzWVOI1mUQavvoC0TY', 'days_valid': 7, 'created_at': '2026-09-08T10:23:58.858331+00:00', 'created_by': 'obdulio@psicolfis.net', 'email_status': 'failed', 'last_sent_at': None, 'revoked': False, 'revoked_at': None}}
E   assert ('email_sent' in {'link': {'agent_id': 'iris', 'agent_name': 'IRIS', 'created_at': '2026-09-08T10:23:58.858331+00:00', 'created_by': 'obdulio@psicolfis.net', ...}, 'success': True} or 'id' in {'link': {'agent_id': 'iris', 'agent_name': 'IRIS', 'created_at': '2026-09-08T10:23:58.858331+00:00', 'created_by': 'obdulio@psicolfis.net', ...}, 'success': True})</failure></testcase></testsuite></testsuites>