<?xml version="1.0" encoding="utf-8"?><testsuites name="pytest tests"><testsuite name="pytest" errors="0" failures="0" skipped="0" tests="9" time="22.490" timestamp="2026-09-08T10:22:02.854767+00:00" hostname="agent-env-6dd3a99c-cad2-4820-bc6d-532d100d33de"><testcase classname="tests.test_iteration7_smtp_and_validation" name="test_budget_bounded_under_15s_when_smtp_unreachable" time="10.552" /><testcase classname="tests.test_iteration7_smtp_and_validation" name="test_access_links_send_email_bounded_under_15s" time="10.579" /><testcase classname="tests.test_iteration7_smtp_and_validation" name="test_level_invalid_returns_422" time="0.161" /><testcase classname="tests.test_iteration7_smtp_and_validation" name="test_level_demo_ok" time="0.135" /><testcase classname="tests.test_iteration7_smtp_and_validation" name="test_level_full_ok" time="0.126" /><testcase classname="tests.test_iteration7_smtp_and_validation" name="test_level_uppercase_normalizes_to_demo" time="0.135" /><testcase classname="tests.test_iteration7_smtp_and_validation" name="test_sectors_returns_three_items" time="0.121" /><testcase classname="tests.test_iteration7_smtp_and_validation" name="test_admin_login_ok" time="0.354" /><testcase classname="tests.test_iteration7_smtp_and_validation" name="test_reviews_creates_with_fresh_captcha" time="0.255" /></testsuite></testsuites>