<?xml version="1.0" encoding="utf-8"?><testsuites name="pytest tests"><testsuite name="pytest" errors="0" failures="0" skipped="0" tests="29" time="4.649" timestamp="2026-09-08T09:31:00.697052+00:00" hostname="agent-env-6dd3a99c-cad2-4820-bc6d-532d100d33de"><testcase classname="backend.tests.test_admin_sectors_and_sitemap.TestSitemap" name="test_sitemap_xml_returns_ok" time="0.531" /><testcase classname="backend.tests.test_admin_sectors_and_sitemap.TestSitemap" name="test_sitemap_contains_active_sectors" time="0.071" /><testcase classname="backend.tests.test_admin_sectors_and_sitemap.TestAdminAuthGuard" name="test_admin_sectors_requires_auth" time="0.068" /><testcase classname="backend.tests.test_admin_sectors_and_sitemap.TestAdminList" name="test_returns_stats_and_items" time="0.069" /><testcase classname="backend.tests.test_admin_sectors_and_sitemap.TestAdminCreate" name="test_invalid_slug_uppercase" time="0.069" /><testcase classname="backend.tests.test_admin_sectors_and_sitemap.TestAdminCreate" name="test_duplicate_slug" time="0.070" /><testcase classname="backend.tests.test_admin_sectors_and_sitemap.TestAdminCreate" name="test_create_ok" time="0.070" /><testcase classname="backend.tests.test_admin_sectors_and_sitemap.TestAdminUpdate" name="test_rename_slug_ok" time="0.074" /><testcase classname="backend.tests.test_admin_sectors_and_sitemap.TestAdminUpdate" name="test_rename_collision" time="0.068" /><testcase classname="backend.tests.test_admin_sectors_and_sitemap.TestVisibility" name="test_hide_removes_from_public" time="0.279" /><testcase classname="backend.tests.test_admin_sectors_and_sitemap.TestVisibility" name="test_unhide_restores_in_public" time="0.139" /><testcase classname="backend.tests.test_admin_sectors_and_sitemap.TestDeleteFlow" name="test_soft_delete" time="0.137" /><testcase classname="backend.tests.test_admin_sectors_and_sitemap.TestDeleteFlow" name="test_permanent_rejected_after_restore" time="0.205" /><testcase classname="backend.tests.test_admin_sectors_and_sitemap.TestDeleteFlow" name="test_permanent_after_soft_delete" time="0.927" /><testcase classname="backend.tests.test_sectors_and_regression.TestSectorsList" name="test_list_returns_three_items" time="0.140" /><testcase classname="backend.tests.test_sectors_and_regression.TestSectorsList" name="test_list_has_expected_slugs" time="0.073" /><testcase classname="backend.tests.test_sectors_and_regression.TestSectorsList" name="test_list_does_not_expose_deployment" time="0.072" /><testcase classname="backend.tests.test_sectors_and_regression.TestSectorDetail" name="test_detail_ok[clinicas-dentales]" time="0.077" /><testcase classname="backend.tests.test_sectors_and_regression.TestSectorDetail" name="test_detail_ok[inmobiliarias]" time="0.076" /><testcase classname="backend.tests.test_sectors_and_regression.TestSectorDetail" name="test_detail_ok[salones-belleza]" time="0.083" /><testcase classname="backend.tests.test_sectors_and_regression.TestSectorDetail" name="test_detail_deployment_empty_when_env_unset[clinicas-dentales]" time="0.074" /><testcase classname="backend.tests.test_sectors_and_regression.TestSectorDetail" name="test_detail_deployment_empty_when_env_unset[inmobiliarias]" time="0.077" /><testcase classname="backend.tests.test_sectors_and_regression.TestSectorDetail" name="test_detail_deployment_empty_when_env_unset[salones-belleza]" time="0.073" /><testcase classname="backend.tests.test_sectors_and_regression.TestSectorDetailNotFound" name="test_404_on_unknown_slug" time="0.077" /><testcase classname="backend.tests.test_sectors_and_regression.TestRegression" name="test_root" time="0.071" /><testcase classname="backend.tests.test_sectors_and_regression.TestRegression" name="test_reviews" time="0.071" /><testcase classname="backend.tests.test_sectors_and_regression.TestRegression" name="test_captcha" time="0.074" /><testcase classname="backend.tests.test_sectors_and_regression.TestRegression" name="test_admin_login_ok" time="0.300" /><testcase classname="backend.tests.test_sectors_and_regression.TestRegression" name="test_admin_login_bad_creds" time="0.301" /></testsuite></testsuites>