<?xml version="1.0" encoding="utf-8"?><testsuites name="pytest tests"><testsuite name="pytest" errors="0" failures="3" skipped="1" tests="26" time="274.333" timestamp="2026-04-28T20:09:28.758340+00:00" hostname="agent-env-6dd3a99c-cad2-4820-bc6d-532d100d33de"><testcase classname="tests.test_admin_access_links.TestAdminAuth" name="test_login_invalid_credentials" time="0.416" /><testcase classname="tests.test_admin_access_links.TestAdminAuth" name="test_login_success" time="0.000" /><testcase classname="tests.test_admin_access_links.TestAdminAuth" name="test_admin_me_no_token" time="0.046" /><testcase classname="tests.test_admin_access_links.TestAdminAuth" name="test_admin_me_invalid_token" time="0.049" /><testcase classname="tests.test_admin_access_links.TestAdminAuth" name="test_admin_me_valid" time="0.047" /><testcase classname="tests.test_admin_access_links.TestExistingEndpoints" name="test_budget_requests_requires_auth" time="0.054" /><testcase classname="tests.test_admin_access_links.TestExistingEndpoints" name="test_budget_requests_with_auth" time="0.050" /><testcase classname="tests.test_admin_access_links.TestExistingEndpoints" name="test_reviews_requires_auth" time="0.049" /><testcase classname="tests.test_admin_access_links.TestExistingEndpoints" name="test_reviews_with_auth" time="0.048" /><testcase classname="tests.test_admin_access_links.TestAccessLinksAuth" name="test_list_requires_auth" time="0.044" /><testcase classname="tests.test_admin_access_links.TestAccessLinksAuth" name="test_create_requires_auth" time="0.052" /><testcase classname="tests.test_admin_access_links.TestAccessLinksAuth" name="test_resend_requires_auth" time="0.049" /><testcase classname="tests.test_admin_access_links.TestAccessLinksAuth" name="test_revoke_requires_auth" time="0.051" /><testcase classname="tests.test_admin_access_links.TestAccessLinksAuth" name="test_delete_requires_auth" time="0.047" /><testcase classname="tests.test_admin_access_links.TestAccessLinksFlow" name="test_create_skipped_email" time="0.047" /><testcase classname="tests.test_admin_access_links.TestAccessLinksFlow" name="test_create_invalid_agent" time="0.044" /><testcase classname="tests.test_admin_access_links.TestAccessLinksFlow" name="test_create_with_send_email" time="60.044"><skipped type="pytest.skip" message="Preview gateway returned 502 during SMTP send (expected in preview env)">/app/tests/test_admin_access_links.py:177: Preview gateway returned 502 during SMTP send (expected in preview env)</skipped></testcase><testcase classname="tests.test_admin_access_links.TestAccessLinksFlow" name="test_create_unknown_level_normalizes" time="60.061"><failure message="requests.exceptions.ReadTimeout: HTTPSConnectionPool(host='repo-modify-zone.preview.emergentagent.com', port=443): Read timed out. (read timeout=60)">E   TimeoutError: The read operation timed out

The above exception was the direct cause of the following exception:
E   urllib3.exceptions.ReadTimeoutError: HTTPSConnectionPool(host='repo-modify-zone.preview.emergentagent.com', port=443): Read timed out. (read timeout=60)

During handling of the above exception, another exception occurred:
E   requests.exceptions.ReadTimeout: HTTPSConnectionPool(host='repo-modify-zone.preview.emergentagent.com', port=443): Read timed out. (read timeout=60)</failure></testcase><testcase classname="tests.test_admin_access_links.TestAccessLinksFlow" name="test_list_returns_items" time="60.150"><failure message="requests.exceptions.ReadTimeout: HTTPSConnectionPool(host='repo-modify-zone.preview.emergentagent.com', port=443): Read timed out. (read timeout=60)">E   TimeoutError: The read operation timed out

The above exception was the direct cause of the following exception:
E   urllib3.exceptions.ReadTimeoutError: HTTPSConnectionPool(host='repo-modify-zone.preview.emergentagent.com', port=443): Read timed out. (read timeout=60)

During handling of the above exception, another exception occurred:
E   requests.exceptions.ReadTimeout: HTTPSConnectionPool(host='repo-modify-zone.preview.emergentagent.com', port=443): Read timed out. (read timeout=60)</failure></testcase><testcase classname="tests.test_admin_access_links.TestAccessLinksFlow" name="test_validate_token_works" time="60.159"><failure message="requests.exceptions.ReadTimeout: HTTPSConnectionPool(host='repo-modify-zone.preview.emergentagent.com', port=443): Read timed out. (read timeout=60)">E   TimeoutError: The read operation timed out

The above exception was the direct cause of the following exception:
E   urllib3.exceptions.ReadTimeoutError: HTTPSConnectionPool(host='repo-modify-zone.preview.emergentagent.com', port=443): Read timed out. (read timeout=60)

During handling of the above exception, another exception occurred:
E   requests.exceptions.ReadTimeout: HTTPSConnectionPool(host='repo-modify-zone.preview.emergentagent.com', port=443): Read timed out. (read timeout=60)</failure></testcase><testcase classname="tests.test_admin_access_links.TestAccessLinksFlow" name="test_revoke_link" time="30.919" /><testcase classname="tests.test_admin_access_links.TestAccessLinksFlow" name="test_validate_after_revoke" time="0.068" /><testcase classname="tests.test_admin_access_links.TestAccessLinksFlow" name="test_resend_revoked_returns_400" time="0.054" /><testcase classname="tests.test_admin_access_links.TestAccessLinksFlow" name="test_resend_unknown_404" time="0.059" /><testcase classname="tests.test_admin_access_links.TestAccessLinksFlow" name="test_revoke_unknown_404" time="0.055" /><testcase classname="tests.test_admin_access_links.TestAccessLinksFlow" name="test_delete_unknown_404" time="1.553" /></testsuite></testsuites>