<?xml version="1.0" encoding="utf-8"?><testsuites name="pytest tests"><testsuite name="pytest" errors="0" failures="0" skipped="1" tests="21" time="4.543" timestamp="2026-09-08T10:09:12.398157+00:00" hostname="agent-env-6dd3a99c-cad2-4820-bc6d-532d100d33de"><testcase classname="tests.test_security_fixes.TestSEC001DownloadRemoved" name="test_download_endpoint_returns_404" time="0.400" /><testcase classname="tests.test_security_fixes.TestSEC001DownloadRemoved" name="test_download_endpoint_no_variants" time="0.280" /><testcase classname="tests.test_security_fixes.TestSEC002PreviewEmail" name="test_query_param_key_rejected" time="0.127" /><testcase classname="tests.test_security_fixes.TestSEC002PreviewEmail" name="test_old_default_key_rejected" time="0.180" /><testcase classname="tests.test_security_fixes.TestSEC002PreviewEmail" name="test_no_key_rejected" time="0.144" /><testcase classname="tests.test_security_fixes.TestSEC002PreviewEmail" name="test_correct_header_key_works" time="0.135" /><testcase classname="tests.test_security_fixes.TestSEC002PreviewEmail" name="test_service_key_rotated_random" time="0.000" /><testcase classname="tests.test_security_fixes.TestSEC003LoginLockout" name="test_lockout_when_rotating_xff" time="0.807" /><testcase classname="tests.test_security_fixes.TestSEC003LoginLockout" name="test_per_account_throttle_15_attempts" time="0.941" /><testcase classname="tests.test_security_fixes.TestCaptchaSingleUse" name="test_budget_reuse_rejected" time="0.000"><skipped type="pytest.skip" message="SMTP unreachable in preview; consume_captcha_token verified via /api/reviews">/app/tests/test_security_fixes.py:200: SMTP unreachable in preview; consume_captcha_token verified via /api/reviews</skipped></testcase><testcase classname="tests.test_security_fixes.TestCaptchaSingleUse" name="test_review_reuse_rejected" time="0.379" /><testcase classname="tests.test_security_fixes.TestCORSRestriction" name="test_allowed_origin_echoed" time="0.002" /><testcase classname="tests.test_security_fixes.TestCORSRestriction" name="test_evil_origin_not_echoed" time="0.001" /><testcase classname="tests.test_security_fixes.TestCORSRestriction" name="test_no_wildcard_on_get" time="0.003" /><testcase classname="tests.test_security_fixes.TestStripeDedup" name="test_stripe_events_unique_index" time="0.186" /><testcase classname="tests.test_security_fixes.TestStripeDedup" name="test_duplicate_event_insert_rejected" time="0.002" /><testcase classname="tests.test_security_fixes.TestRegression" name="test_admin_login_ok" time="0.351" /><testcase classname="tests.test_security_fixes.TestRegression" name="test_sectors_returns_3" time="0.128" /><testcase classname="tests.test_security_fixes.TestRegression" name="test_sitemap_valid_xml" time="0.129" /><testcase classname="tests.test_security_fixes.TestRegression" name="test_reviews_get" time="0.124" /><testcase classname="tests.test_security_fixes.TestRegression" name="test_access_validate_bad_token" time="0.128" /></testsuite></testsuites>